<?xml version="1.0" encoding="UTF-8"?>
<testng-results ignored="0" total="1" passed="1" failed="0" skipped="0">
  <reporter-output>
  </reporter-output>
  <suite started-at="2025-07-03T11:59:40 IST" name="Default suite" finished-at="2025-07-03T11:59:40 IST" duration-ms="178">
    <groups>
    </groups>
    <test started-at="2025-07-03T11:59:40 IST" name="Default test" finished-at="2025-07-03T11:59:40 IST" duration-ms="178">
      <class name="jsonmatchusingjsonpath.Inlinepredicate">
        <test-method signature="inlinepredicate()[pri:0, instance:jsonmatchusingjsonpath.Inlinepredicate@3cd3e762]" started-at="2025-07-03T11:59:40 IST" name="inlinepredicate" finished-at="2025-07-03T11:59:40 IST" duration-ms="111" status="PASS">
          <reporter-output>
          </reporter-output>
        </test-method> <!-- inlinepredicate -->
      </class> <!-- jsonmatchusingjsonpath.Inlinepredicate -->
    </test> <!-- Default test -->
  </suite> <!-- Default suite -->
</testng-results>
